\BOOKMARK [-1][-]{part.1}{I Marc Te\362ric}{}% 1
\BOOKMARK [0][-]{chapter.1}{\300lgebra Lineal}{part.1}% 2
\BOOKMARK [1][-]{section.1.1}{Vectors i Espais Vectorials}{chapter.1}% 3
\BOOKMARK [1][-]{section.1.2}{Operadors Lineals}{chapter.1}% 4
\BOOKMARK [2][-]{subsection.1.2.1}{Tipus d'Operadors Lineals}{section.1.2}% 5
\BOOKMARK [1][-]{section.1.3}{Producte Interior i Producte Exterior}{chapter.1}% 6
\BOOKMARK [2][-]{subsection.1.3.1}{Producte Interior}{section.1.3}% 7
\BOOKMARK [3][-]{subsubsection.1.3.1.1}{Properties of the Inner Product}{subsection.1.3.1}% 8
\BOOKMARK [2][-]{subsection.1.3.2}{Orthonormal and orthogonal vectors}{section.1.3}% 9
\BOOKMARK [2][-]{subsection.1.3.3}{Outer product}{section.1.3}% 10
\BOOKMARK [1][-]{section.1.4}{Tensor product}{chapter.1}% 11
\BOOKMARK [2][-]{subsection.1.4.1}{Properties of the Tensor Product}{section.1.4}% 12
\BOOKMARK [1][-]{section.1.5}{Trace}{chapter.1}% 13
\BOOKMARK [0][-]{chapter.2}{Quantum Computation}{part.1}% 14
\BOOKMARK [1][-]{section.2.1}{Quantum State and Superpositions}{chapter.2}% 15
\BOOKMARK [1][-]{section.2.2}{Qubits}{chapter.2}% 16
\BOOKMARK [1][-]{section.2.3}{Quantum Measurement}{chapter.2}% 17
\BOOKMARK [-1][-]{part.2}{II Part Experimental}{}% 18
\BOOKMARK [-1][-]{part.3}{III Conclusions}{}% 19
\BOOKMARK [0][-]{section*.5}{Appendices}{part.3}% 20
\BOOKMARK [0][-]{appendix.a.A}{More Linear Algebra}{part.3}% 21
\BOOKMARK [1][-]{section.a.A.1}{Gram\205Schmidt Procedure}{appendix.a.A}% 22
\BOOKMARK [1][-]{section.a.A.2}{Dirac Notation Crash Course}{appendix.a.A}% 23
\BOOKMARK [1][-]{section.a.A.3}{More on the Partial Trace}{appendix.a.A}% 24
\BOOKMARK [0][-]{appendix.a.B}{Quantum Computation vs Quantum Mechanics}{part.3}% 25
\BOOKMARK [1][-]{section.a.B.1}{Normalizing}{appendix.a.B}% 26
\BOOKMARK [0][-]{appendix.a.C}{Polarization of a photon}{part.3}% 27
